# JRE version: Java(TM) SE Runtime Environment (8.0_151-b12) (build 1.8.0_151-b12)
# Java VM: Java HotSpot(TM) 64-Bit Server VM (25.151-b12 mixed mode windows-amd64 compressed oops)
Heap:
 PSYoungGen      total 105472K, used 4503K [0x00000000d6000000, 0x00000000dd000000, 0x0000000100000000)
  eden space 97280K, 4% used [0x00000000d6000000,0x00000000d6465cb8,0x00000000dbf00000)
  from space 8192K, 0% used [0x00000000dc800000,0x00000000dc800000,0x00000000dd000000)
  to   space 8704K, 0% used [0x00000000dbf00000,0x00000000dbf00000,0x00000000dc780000)
 ParOldGen       total 56320K, used 15937K [0x0000000082000000, 0x0000000085700000, 0x00000000d6000000)
  object space 56320K, 28% used [0x0000000082000000,0x0000000082f907f0,0x0000000085700000)
 Metaspace       used 31057K, capacity 31410K, committed 31872K, reserved 1085440K
  class space    used 4050K, capacity 4168K, committed 4224K, reserved 1048576K
GC Heap History (10 events):
Event: 4.065 GC heap before
{Heap before GC invocations=19 (full 5):
 PSYoungGen      total 105472K, used 0K [0x00000000d6000000, 0x00000000dd000000, 0x0000000100000000)
  eden space 97280K, 0% used [0x00000000d6000000,0x00000000d6000000,0x00000000dbf00000)
  from space 8192K, 0% used [0x00000000dc800000,0x00000000dc800000,0x00000000dd000000)
  to   space 8704K, 0% used [0x00000000dbf00000,0x00000000dbf00000,0x00000000dc780000)
 ParOldGen       total 56320K, used 16279K [0x0000000082000000, 0x0000000085700000, 0x00000000d6000000)
  object space 56320K, 28% used [0x0000000082000000,0x0000000082fe5da0,0x0000000085700000)
 Metaspace       used 30877K, capacity 31170K, committed 31616K, reserved 1085440K
  class space    used 4019K, capacity 4112K, committed 4224K, reserved 1048576K
Event: 4.121 GC heap after
Heap after GC invocations=19 (full 5):
 PSYoungGen      total 105472K, used 0K [0x00000000d6000000, 0x00000000dd000000, 0x0000000100000000)
  eden space 97280K, 0% used [0x00000000d6000000,0x00000000d6000000,0x00000000dbf00000)
  from space 8192K, 0% used [0x00000000dc800000,0x00000000dc800000,0x00000000dd000000)
  to   space 8704K, 0% used [0x00000000dbf00000,0x00000000dbf00000,0x00000000dc780000)
 ParOldGen       total 56320K, used 16076K [0x0000000082000000, 0x0000000085700000, 0x00000000d6000000)
  object space 56320K, 28% used [0x0000000082000000,0x0000000082fb30c0,0x0000000085700000)
 Metaspace       used 30877K, capacity 31170K, committed 31616K, reserved 1081344K
  class space    used 4019K, capacity 4112K, committed 4224K, reserved 1048576K
}
Event: 4.122 GC heap before
{Heap before GC invocations=20 (full 5):
 PSYoungGen      total 105472K, used 1487K [0x00000000d6000000, 0x00000000dd000000, 0x0000000100000000)
  eden space 97280K, 1% used [0x00000000d6000000,0x00000000d6173c08,0x00000000dbf00000)
  from space 8192K, 0% used [0x00000000dc800000,0x00000000dc800000,0x00000000dd000000)
  to   space 8704K, 0% used [0x00000000dbf00000,0x00000000dbf00000,0x00000000dc780000)
 ParOldGen       total 56320K, used 16076K [0x0000000082000000, 0x0000000085700000, 0x00000000d6000000)
  object space 56320K, 28% used [0x0000000082000000,0x0000000082fb30c0,0x0000000085700000)
 Metaspace       used 30878K, capacity 31170K, committed 31616K, reserved 1087488K
  class space    used 4019K, capacity 4112K, committed 4224K, reserved 1048576K
Event: 4.123 GC heap after
Heap after GC invocations=20 (full 5):
 PSYoungGen      total 105984K, used 96K [0x00000000d6000000, 0x00000000dd000000, 0x0000000100000000)
  eden space 97280K, 0% used [0x00000000d6000000,0x00000000d6000000,0x00000000dbf00000)
  from space 8704K, 1% used [0x00000000dbf00000,0x00000000dbf18000,0x00000000dc780000)
  to   space 8192K, 0% used [0x00000000dc800000,0x00000000dc800000,0x00000000dd000000)
 ParOldGen       total 56320K, used 16076K [0x0000000082000000, 0x0000000085700000, 0x00000000d6000000)
  object space 56320K, 28% used [0x0000000082000000,0x0000000082fb30c0,0x0000000085700000)
 Metaspace       used 30878K, capacity 31170K, committed 31616K, reserved 1087488K
  class space    used 4019K, capacity 4112K, committed 4224K, reserved 1048576K
}
Event: 4.123 GC heap before
{Heap before GC invocations=21 (full 6):
 PSYoungGen      total 105984K, used 96K [0x00000000d6000000, 0x00000000dd000000, 0x0000000100000000)
  eden space 97280K, 0% used [0x00000000d6000000,0x00000000d6000000,0x00000000dbf00000)
  from space 8704K, 1% used [0x00000000dbf00000,0x00000000dbf18000,0x00000000dc780000)
  to   space 8192K, 0% used [0x00000000dc800000,0x00000000dc800000,0x00000000dd000000)
 ParOldGen       total 56320K, used 16076K [0x0000000082000000, 0x0000000085700000, 0x00000000d6000000)
  object space 56320K, 28% used [0x0000000082000000,0x0000000082fb30c0,0x0000000085700000)
 Metaspace       used 30878K, capacity 31170K, committed 31616K, reserved 1087488K
  class space    used 4019K, capacity 4112K, committed 4224K, reserved 1048576K
Event: 4.147 GC heap after
Heap after GC invocations=21 (full 6):
 PSYoungGen      total 105984K, used 0K [0x00000000d6000000, 0x00000000dd000000, 0x0000000100000000)
  eden space 97280K, 0% used [0x00000000d6000000,0x00000000d6000000,0x00000000dbf00000)
  from space 8704K, 0% used [0x00000000dbf00000,0x00000000dbf00000,0x00000000dc780000)
  to   space 8192K, 0% used [0x00000000dc800000,0x00000000dc800000,0x00000000dd000000)
 ParOldGen       total 56320K, used 15938K [0x0000000082000000, 0x0000000085700000, 0x00000000d6000000)
  object space 56320K, 28% used [0x0000000082000000,0x0000000082f90b00,0x0000000085700000)
 Metaspace       used 30878K, capacity 31170K, committed 31616K, reserved 1081344K
  class space    used 4019K, capacity 4112K, committed 4224K, reserved 1048576K
}
Event: 4.147 GC heap before
{Heap before GC invocations=22 (full 6):
 PSYoungGen      total 105984K, used 0K [0x00000000d6000000, 0x00000000dd000000, 0x0000000100000000)
  eden space 97280K, 0% used [0x00000000d6000000,0x00000000d6000000,0x00000000dbf00000)
  from space 8704K, 0% used [0x00000000dbf00000,0x00000000dbf00000,0x00000000dc780000)
  to   space 8192K, 0% used [0x00000000dc800000,0x00000000dc800000,0x00000000dd000000)
 ParOldGen       total 56320K, used 15938K [0x0000000082000000, 0x0000000085700000, 0x00000000d6000000)
  object space 56320K, 28% used [0x0000000082000000,0x0000000082f90b00,0x0000000085700000)
 Metaspace       used 30878K, capacity 31170K, committed 31616K, reserved 1085440K
  class space    used 4019K, capacity 4112K, committed 4224K, reserved 1048576K
Event: 4.149 GC heap after
Heap after GC invocations=22 (full 6):
 PSYoungGen      total 105472K, used 0K [0x00000000d6000000, 0x00000000dd000000, 0x0000000100000000)
  eden space 97280K, 0% used [0x00000000d6000000,0x00000000d6000000,0x00000000dbf00000)
  from space 8192K, 0% used [0x00000000dc800000,0x00000000dc800000,0x00000000dd000000)
  to   space 8704K, 0% used [0x00000000dbf00000,0x00000000dbf00000,0x00000000dc780000)
 ParOldGen       total 56320K, used 15938K [0x0000000082000000, 0x0000000085700000, 0x00000000d6000000)
  object space 56320K, 28% used [0x0000000082000000,0x0000000082f90b00,0x0000000085700000)
 Metaspace       used 30878K, capacity 31170K, committed 31616K, reserved 1085440K
  class space    used 4019K, capacity 4112K, committed 4224K, reserved 1048576K
}
Event: 4.149 GC heap before
{Heap before GC invocations=23 (full 7):
 PSYoungGen      total 105472K, used 0K [0x00000000d6000000, 0x00000000dd000000, 0x0000000100000000)
  eden space 97280K, 0% used [0x00000000d6000000,0x00000000d6000000,0x00000000dbf00000)
  from space 8192K, 0% used [0x00000000dc800000,0x00000000dc800000,0x00000000dd000000)
  to   space 8704K, 0% used [0x00000000dbf00000,0x00000000dbf00000,0x00000000dc780000)
 ParOldGen       total 56320K, used 15938K [0x0000000082000000, 0x0000000085700000, 0x00000000d6000000)
  object space 56320K, 28% used [0x0000000082000000,0x0000000082f90b00,0x0000000085700000)
 Metaspace       used 30878K, capacity 31170K, committed 31616K, reserved 1085440K
  class space    used 4019K, capacity 4112K, committed 4224K, reserved 1048576K
Event: 4.197 GC heap after
Heap after GC invocations=23 (full 7):
 PSYoungGen      total 105472K, used 0K [0x00000000d6000000, 0x00000000dd000000, 0x0000000100000000)
  eden space 97280K, 0% used [0x00000000d6000000,0x00000000d6000000,0x00000000dbf00000)
  from space 8192K, 0% used [0x00000000dc800000,0x00000000dc800000,0x00000000dd000000)
  to   space 8704K, 0% used [0x00000000dbf00000,0x00000000dbf00000,0x00000000dc780000)
 ParOldGen       total 56320K, used 15937K [0x0000000082000000, 0x0000000085700000, 0x00000000d6000000)
  object space 56320K, 28% used [0x0000000082000000,0x0000000082f907f0,0x0000000085700000)
 Metaspace       used 30878K, capacity 31170K, committed 31616K, reserved 1081344K
  class space    used 4019K, capacity 4112K, committed 4224K, reserved 1048576K
}

